2016-09-02T04:49:08.041Z - info: No teams found to migrate
2016-09-02T04:49:08.045Z - info: Found legacy settings: {}
2016-09-02T04:49:08.052Z - info: LOAD_LEGACY : {
  "updated": {
    "settings": {
      "hasMigratedData": {
        "renderer": true
      }
    }
  }
}
2016-09-02T04:49:08.398Z - info: LOAD_TEAMS : []
2016-09-02T04:49:08.415Z - info: SET_NETWORK_STATUS : "online"
2016-09-02T04:49:08.450Z - info: Checking network connection to Slack...
2016-09-02T04:49:50.581Z - info: Checking network connection to Slack...
2016-09-02T04:50:25.764Z - info: Checking network connection to Slack...
2016-09-02T04:52:17.615Z - info: Bugsnag user: U27BCH0UC
2016-09-02T04:53:22.878Z - info: Team T27BCH0R2 was active for 254474
2016-09-02T04:53:34.233Z - info: Team T276BURB6 was active for 11356
2016-09-02T04:53:35.110Z - info: Team T27BCH0R2 was active for 877
2016-09-02T04:53:35.834Z - info: Team T276BURB6 was active for 724
