2016-09-02T04:49:14.360Z - info: Window is unloading, winssb is no longer accessible
2016-09-02T04:49:14.860Z - info: Window is unloading, winssb is no longer accessible
2016-09-02T04:49:20.364Z - info: Attempting detection, string length: 16
2016-09-02T04:49:25.690Z - info: Window is unloading, winssb is no longer accessible
2016-09-02T04:49:25.825Z - info: Attempting detection, string length: 8
2016-09-02T04:49:26.646Z - info: Failed to get messages from webapp: Cannot read property 'getActiveModelOb' of undefined
2016-09-02T04:49:26.805Z - info: Window is unloading, winssb is no longer accessible
2016-09-02T04:51:05.466Z - info: Window is unloading, winssb is no longer accessible
2016-09-02T04:52:01.312Z - info: Unloading spellchecker
2016-09-02T04:52:01.349Z - info: Window is unloading, winssb is no longer accessible
2016-09-02T04:52:06.620Z - info: Attempting detection, string length: 13
2016-09-02T04:52:07.035Z - info: Attempting detection, string length: 16
2016-09-02T04:52:10.460Z - info: Window is unloading, winssb is no longer accessible
2016-09-02T04:52:10.591Z - info: Attempting detection, string length: 8
2016-09-02T04:52:11.754Z - info: Window is unloading, winssb is no longer accessible
2016-09-02T04:52:12.903Z - info: ADD_NEW_TEAM : {
  "id": "U27BCH0UC",
  "name": "kono",
  "team_id": "T27BCH0R2",
  "team_name": "isucon",
  "team_url": "https://ic05.slack.com/"
}
2016-09-02T04:52:12.908Z - info: SET_LOGIN_DIALOG 
2016-09-02T04:52:13.148Z - info: Unloading spellchecker
