CopyQ Note [2016-10-02 04:17:40.077]: プラグインをロード中: /usr/lib/copyq/plugins/libitemdata.so
CopyQ Note [2016-10-02 04:17:40.080]: プラグインをロード中: /usr/lib/copyq/plugins/libitemencrypted.so
CopyQ Note [2016-10-02 04:17:40.089]: プラグインをロード中: /usr/lib/copyq/plugins/libitemfakevim.so
CopyQ Note [2016-10-02 04:17:40.091]: プラグインをロード中: /usr/lib/copyq/plugins/libitemimage.so
CopyQ Note [2016-10-02 04:17:40.095]: プラグインをロード中: /usr/lib/copyq/plugins/libitemnotes.so
CopyQ Note [2016-10-02 04:17:40.105]: プラグインをロード中: /usr/lib/copyq/plugins/libitemsync.so
CopyQ Note [2016-10-02 04:17:40.107]: プラグインをロード中: /usr/lib/copyq/plugins/libitemtags.so
CopyQ Note [2016-10-02 04:17:40.108]: プラグインをロード中: /usr/lib/copyq/plugins/libitemtext.so
CopyQ Note [2016-10-02 04:23:59.430]: プラグインをロード中: /usr/lib/copyq/plugins/libitemdata.so
CopyQ Note [2016-10-02 04:23:59.430]: プラグインをロード中: /usr/lib/copyq/plugins/libitemencrypted.so
CopyQ Note [2016-10-02 04:23:59.430]: プラグインをロード中: /usr/lib/copyq/plugins/libitemfakevim.so
CopyQ Note [2016-10-02 04:23:59.431]: プラグインをロード中: /usr/lib/copyq/plugins/libitemimage.so
CopyQ Note [2016-10-02 04:23:59.431]: プラグインをロード中: /usr/lib/copyq/plugins/libitemnotes.so
CopyQ Note [2016-10-02 04:23:59.431]: プラグインをロード中: /usr/lib/copyq/plugins/libitemsync.so
CopyQ Note [2016-10-02 04:23:59.431]: プラグインをロード中: /usr/lib/copyq/plugins/libitemtags.so
CopyQ Note [2016-10-02 04:23:59.432]: プラグインをロード中: /usr/lib/copyq/plugins/libitemtext.so
CopyQ Note [2016-10-02 04:30:50.180]: プラグインをロード中: /usr/lib/copyq/plugins/libitemdata.so
CopyQ Note [2016-10-02 04:30:50.180]: プラグインをロード中: /usr/lib/copyq/plugins/libitemencrypted.so
CopyQ Note [2016-10-02 04:30:50.181]: プラグインをロード中: /usr/lib/copyq/plugins/libitemfakevim.so
CopyQ Note [2016-10-02 04:30:50.181]: プラグインをロード中: /usr/lib/copyq/plugins/libitemimage.so
CopyQ Note [2016-10-02 04:30:50.182]: プラグインをロード中: /usr/lib/copyq/plugins/libitemnotes.so
CopyQ Note [2016-10-02 04:30:50.183]: プラグインをロード中: /usr/lib/copyq/plugins/libitemsync.so
CopyQ Note [2016-10-02 04:30:50.183]: プラグインをロード中: /usr/lib/copyq/plugins/libitemtags.so
CopyQ Note [2016-10-02 04:30:50.187]: プラグインをロード中: /usr/lib/copyq/plugins/libitemtext.so
CopyQ Note [2016-10-02 04:54:24.141]: プラグインをロード中: /usr/lib/copyq/plugins/libitemdata.so
CopyQ Note [2016-10-02 04:54:24.153]: プラグインをロード中: /usr/lib/copyq/plugins/libitemencrypted.so
CopyQ Note [2016-10-02 04:54:24.158]: プラグインをロード中: /usr/lib/copyq/plugins/libitemfakevim.so
CopyQ Note [2016-10-02 04:54:24.159]: プラグインをロード中: /usr/lib/copyq/plugins/libitemimage.so
CopyQ Note [2016-10-02 04:54:24.159]: プラグインをロード中: /usr/lib/copyq/plugins/libitemnotes.so
CopyQ Note [2016-10-02 04:54:24.161]: プラグインをロード中: /usr/lib/copyq/plugins/libitemsync.so
CopyQ Note [2016-10-02 04:54:24.168]: プラグインをロード中: /usr/lib/copyq/plugins/libitemtags.so
CopyQ Note [2016-10-02 04:54:24.169]: プラグインをロード中: /usr/lib/copyq/plugins/libitemtext.so
CopyQ Note [2016-10-02 06:24:38.253]: プラグインをロード中: /usr/lib/copyq/plugins/libitemdata.so
CopyQ Note [2016-10-02 06:24:38.255]: プラグインをロード中: /usr/lib/copyq/plugins/libitemencrypted.so
CopyQ Note [2016-10-02 06:24:38.256]: プラグインをロード中: /usr/lib/copyq/plugins/libitemfakevim.so
CopyQ Note [2016-10-02 06:24:38.257]: プラグインをロード中: /usr/lib/copyq/plugins/libitemimage.so
CopyQ Note [2016-10-02 06:24:38.257]: プラグインをロード中: /usr/lib/copyq/plugins/libitemnotes.so
CopyQ Note [2016-10-02 06:24:38.258]: プラグインをロード中: /usr/lib/copyq/plugins/libitemsync.so
CopyQ Note [2016-10-02 06:24:38.260]: プラグインをロード中: /usr/lib/copyq/plugins/libitemtags.so
CopyQ Note [2016-10-02 06:24:38.260]: プラグインをロード中: /usr/lib/copyq/plugins/libitemtext.so
CopyQ Note [2016-10-03 12:07:56.160]: プラグインをロード中: /usr/lib/copyq/plugins/libitemdata.so
CopyQ Note [2016-10-03 12:07:56.162]: プラグインをロード中: /usr/lib/copyq/plugins/libitemencrypted.so
CopyQ Note [2016-10-03 12:07:56.164]: プラグインをロード中: /usr/lib/copyq/plugins/libitemfakevim.so
CopyQ Note [2016-10-03 12:07:56.164]: プラグインをロード中: /usr/lib/copyq/plugins/libitemimage.so
CopyQ Note [2016-10-03 12:07:56.165]: プラグインをロード中: /usr/lib/copyq/plugins/libitemnotes.so
CopyQ Note [2016-10-03 12:07:56.168]: プラグインをロード中: /usr/lib/copyq/plugins/libitemsync.so
CopyQ Note [2016-10-03 12:07:56.171]: プラグインをロード中: /usr/lib/copyq/plugins/libitemtags.so
CopyQ Note [2016-10-03 12:07:56.171]: プラグインをロード中: /usr/lib/copyq/plugins/libitemtext.so
CopyQ Note [2016-10-03 12:09:24.777]: プラグインをロード中: /usr/lib/copyq/plugins/libitemdata.so
CopyQ Note [2016-10-03 12:09:24.779]: プラグインをロード中: /usr/lib/copyq/plugins/libitemencrypted.so
CopyQ Note [2016-10-03 12:09:24.781]: プラグインをロード中: /usr/lib/copyq/plugins/libitemfakevim.so
CopyQ Note [2016-10-03 12:09:24.782]: プラグインをロード中: /usr/lib/copyq/plugins/libitemimage.so
CopyQ Note [2016-10-03 12:09:24.782]: プラグインをロード中: /usr/lib/copyq/plugins/libitemnotes.so
CopyQ Note [2016-10-03 12:09:24.783]: プラグインをロード中: /usr/lib/copyq/plugins/libitemsync.so
CopyQ Note [2016-10-03 12:09:24.785]: プラグインをロード中: /usr/lib/copyq/plugins/libitemtags.so
CopyQ Note [2016-10-03 12:09:24.785]: プラグインをロード中: /usr/lib/copyq/plugins/libitemtext.so
