2016-09-02T04:52:54.568Z - info: Attempting detection, string length: 8
2016-09-02T04:52:55.080Z - info: Attempting detection, string length: 9
2016-09-02T04:52:55.550Z - info: Attempting detection, string length: 10
2016-09-02T04:52:55.906Z - info: Attempting detection, string length: 11
2016-09-02T04:52:56.842Z - info: Attempting detection, string length: 13
2016-09-02T04:52:57.018Z - info: Window is unloading, winssb is no longer accessible
2016-09-02T04:52:57.269Z - info: Window is unloading, winssb is no longer accessible
2016-09-02T04:53:02.730Z - info: Attempting detection, string length: 16
2016-09-02T04:53:05.210Z - info: Window is unloading, winssb is no longer accessible
2016-09-02T04:53:16.447Z - info: Attempting detection, string length: 16
2016-09-02T04:53:19.814Z - info: Window is unloading, winssb is no longer accessible
2016-09-02T04:53:19.952Z - info: Attempting detection, string length: 8
2016-09-02T04:53:21.119Z - info: Window is unloading, winssb is no longer accessible
2016-09-02T04:53:22.782Z - info: ADD_NEW_TEAM : {
  "id": "U2791TW93",
  "name": "kono",
  "team_id": "T276BURB6",
  "team_name": "自作DCチーム",
  "team_url": "https://owndatacenter.slack.com/"
}
2016-09-02T04:53:22.787Z - info: SET_LOGIN_DIALOG 
