2016-09-02T04:52:17.526Z - info: UPDATE_SEARCH_BOX_SIZE : {
  "newSize": {
    "width": 297
  }
}
2016-09-02T04:52:19.151Z - info: UPDATE_TEAM_THEME : {
  "theme": {
    "column_bg": "#4D394B",
    "menu_bg": "#3E313C",
    "active_item": "#4C9689",
    "active_item_text": "#FFFFFF",
    "hover_item": "#3E313C",
    "text_color": "#FFFFFF",
    "active_presence": "#38978D",
    "badge": "#EB4D5C"
  },
  "teamId": "T27BCH0R2"
}
2016-09-02T04:52:19.706Z - info: UPDATE_UNREADS_INFO : {
  "unreads": 0,
  "unreadHighlights": 0,
  "showBullet": true,
  "teamId": "T27BCH0R2"
}
2016-09-02T04:52:19.890Z - info: UPDATE_TEAM_ICONS : {
  "icons": false,
  "teamId": "T27BCH0R2"
}
2016-09-02T04:52:19.986Z - info: Raw Locale list: ["C","C.UTF-8","en_AG","en_AG.utf8","en_AU.utf8","en_BW.utf8","en_CA.utf8","en_DK.utf8","en_GB.utf8","en_HK.utf8","en_IE.utf8","en_IN","en_IN.utf8","en_NG","en_NG.utf8","en_NZ.utf8","en_PH.utf8","en_SG.utf8","en_US.utf8","en_ZA.utf8","en_ZM","en_ZM.utf8","en_ZW.utf8","ja_JP.utf8","POSIX",""]
2016-09-02T04:52:19.987Z - info: Filtered Locale list: ["en_AG","en_AG","en_AU","en_BW","en_CA","en_DK","en_GB","en_HK","en_IE","en_IN","en_IN","en_NG","en_NG","en_NZ","en_PH","en_SG","en_US","en_ZA","en_ZM","en_ZM","en_ZW","ja_JP"]
2016-09-02T04:52:19.988Z - info: Counts: {"en":["en_AG","en_AG","en_AU","en_BW","en_CA","en_DK","en_GB","en_HK","en_IE","en_IN","en_IN","en_NG","en_NG","en_NZ","en_PH","en_SG","en_US","en_ZA","en_ZM","en_ZM","en_ZW"],"ja":["ja_JP"]}
2016-09-02T04:52:19.988Z - info: Setting ja
2016-09-02T04:52:19.990Z - info: Result: {"ja":"ja-JP","en":"en-US"}
2016-09-02T04:52:19.998Z - info: Requesting to load en-US, alternatives are ["en-US","en-US","en-US"]
2016-09-02T04:52:20.001Z - info: Loading dictionary for language en-US
2016-09-02T04:52:20.002Z - info: Actually downloading https://redirector.gvt1.com/edgedl/chrome/dict/en-us-7-1.bdic
2016-09-02T04:52:20.236Z - info: Raw Locale list: ["C","C.UTF-8","en_AG","en_AG.utf8","en_AU.utf8","en_BW.utf8","en_CA.utf8","en_DK.utf8","en_GB.utf8","en_HK.utf8","en_IE.utf8","en_IN","en_IN.utf8","en_NG","en_NG.utf8","en_NZ.utf8","en_PH.utf8","en_SG.utf8","en_US.utf8","en_ZA.utf8","en_ZM","en_ZM.utf8","en_ZW.utf8","ja_JP.utf8","POSIX",""]
2016-09-02T04:52:20.237Z - info: Filtered Locale list: ["en_AG","en_AG","en_AU","en_BW","en_CA","en_DK","en_GB","en_HK","en_IE","en_IN","en_IN","en_NG","en_NG","en_NZ","en_PH","en_SG","en_US","en_ZA","en_ZM","en_ZM","en_ZW","ja_JP"]
2016-09-02T04:52:20.237Z - info: Counts: {"en":["en_AG","en_AG","en_AU","en_BW","en_CA","en_DK","en_GB","en_HK","en_IE","en_IN","en_IN","en_NG","en_NG","en_NZ","en_PH","en_SG","en_US","en_ZA","en_ZM","en_ZM","en_ZW"],"ja":["ja_JP"]}
2016-09-02T04:52:20.237Z - info: Setting ja
2016-09-02T04:52:20.237Z - info: Result: {"ja":"ja-JP","en":"en-US"}
2016-09-02T04:52:20.238Z - info: Requesting to load en-US, alternatives are ["en-US","en-US","en-US"]
2016-09-02T04:52:20.238Z - info: Loading dictionary for language en-US
2016-09-02T04:52:20.239Z - info: Actually downloading https://redirector.gvt1.com/edgedl/chrome/dict/en-us-7-1.bdic
2016-09-02T04:52:23.166Z - info: Setting current spellchecker to en-US, requested language was en-US
2016-09-02T04:52:23.166Z - info: Creating node-spellchecker instance
2016-09-02T04:52:23.168Z - info: Actually installing spell check provider to Electron
2016-09-02T04:52:23.395Z - info: Setting current spellchecker to en-US, requested language was en-US
2016-09-02T04:52:49.225Z - info: SET_LOGIN_DIALOG : true
2016-09-02T04:52:50.632Z - info: Unloading spellchecker
2016-09-02T04:53:34.275Z - info: Restoring spellchecker
2016-09-02T04:53:34.279Z - info: Loading dictionary for language en-US
2016-09-02T04:53:34.279Z - info: Returning local copy: /home/kono/.config/Slack/dictionaries/en-US.bdic
2016-09-02T04:53:34.291Z - info: Setting current spellchecker to en-US, requested language was en-US
2016-09-02T04:53:34.292Z - info: Creating node-spellchecker instance
2016-09-02T04:53:34.293Z - info: Actually installing spell check provider to Electron
2016-09-02T04:53:35.129Z - info: Unloading spellchecker
2016-09-02T04:53:35.857Z - info: Restoring spellchecker
2016-09-02T04:53:35.858Z - info: Loading dictionary for language en-US
2016-09-02T04:53:35.859Z - info: Returning local copy: /home/kono/.config/Slack/dictionaries/en-US.bdic
2016-09-02T04:53:35.863Z - info: Setting current spellchecker to en-US, requested language was en-US
2016-09-02T04:53:35.863Z - info: Creating node-spellchecker instance
2016-09-02T04:53:35.864Z - info: Actually installing spell check provider to Electron
2016-09-02T04:53:41.981Z - info: Failed to get messages from webapp: Failed to fetch recent messages
2016-09-02T04:53:42.540Z - info: Failed to get messages from webapp: Failed to fetch recent messages
2016-09-02T04:53:43.595Z - info: Failed to get messages from webapp: Failed to fetch recent messages
2016-09-02T04:54:01.549Z - info: Loading dictionary for language en-US
2016-09-02T04:54:01.549Z - info: Returning local copy: /home/kono/.config/Slack/dictionaries/en-US.bdic
2016-09-02T04:54:01.559Z - info: Setting current spellchecker to en-US, requested language was en-US
2016-09-02T04:54:02.340Z - info: Loading dictionary for language en-US
2016-09-02T04:54:02.340Z - info: Returning local copy: /home/kono/.config/Slack/dictionaries/en-US.bdic
2016-09-02T04:54:02.341Z - info: Setting current spellchecker to en-US, requested language was en-US
2016-09-02T04:54:03.051Z - info: Failed to get messages from webapp: Failed to fetch recent messages
2016-09-02T05:40:06.571Z - info: Unloading spellchecker
2016-09-02T05:40:07.506Z - info: Restoring spellchecker
2016-09-02T05:40:07.508Z - info: Loading dictionary for language en-US
2016-09-02T05:40:07.508Z - info: Returning local copy: /home/kono/.config/Slack/dictionaries/en-US.bdic
2016-09-02T05:40:07.517Z - info: Setting current spellchecker to en-US, requested language was en-US
2016-09-02T05:40:07.517Z - info: Creating node-spellchecker instance
2016-09-02T05:40:07.518Z - info: Actually installing spell check provider to Electron
2016-09-02T05:55:58.562Z - info: Unloading spellchecker
